<?xml version="1.0" encoding="UTF-8"?>
<testng-results ignored="0" total="1" passed="1" failed="0" skipped="0">
  <reporter-output>
  </reporter-output>
  <suite started-at="2024-06-11T16:12:14 IST" name="Suite" finished-at="2024-06-11T16:12:26 IST" duration-ms="12794">
    <groups>
    </groups>
    <test started-at="2024-06-11T16:12:14 IST" name="Test" finished-at="2024-06-11T16:12:26 IST" duration-ms="12794">
      <class name="TestCases.TC_02_login">
        <test-method is-config="true" signature="Openapp()[pri:0, instance:TestCases.TC_02_login@2e385cce]" started-at="2024-06-11T16:12:14 IST" name="Openapp" finished-at="2024-06-11T16:12:23 IST" duration-ms="9531" status="PASS">
          <reporter-output>
          </reporter-output>
        </test-method> <!-- Openapp -->
        <test-method signature="Logintest()[pri:0, instance:TestCases.TC_02_login@2e385cce]" started-at="2024-06-11T16:12:23 IST" name="Logintest" finished-at="2024-06-11T16:12:26 IST" duration-ms="3186" status="PASS">
          <reporter-output>
          </reporter-output>
        </test-method> <!-- Logintest -->
        <test-method is-config="true" signature="Closeapp()[pri:0, instance:TestCases.TC_02_login@2e385cce]" started-at="2024-06-11T16:12:26 IST" name="Closeapp" finished-at="2024-06-11T16:12:26 IST" duration-ms="1" status="PASS">
          <reporter-output>
          </reporter-output>
        </test-method> <!-- Closeapp -->
      </class> <!-- TestCases.TC_02_login -->
    </test> <!-- Test -->
  </suite> <!-- Suite -->
</testng-results>
